2020-06-08 17:14:28,062 INFO o.a.k.c.p.ProducerConfig [main] ProducerConfig values: 
	acks = 1
	batch.size = 0
	bootstrap.servers = [localhost:9092]
	buffer.memory = 33554432
	client.dns.lookup = default
	client.id = 
	compression.type = none
	connections.max.idle.ms = 540000
	delivery.timeout.ms = 120000
	enable.idempotence = false
	interceptor.classes = []
	key.serializer = class org.apache.kafka.common.serialization.ByteArraySerializer
	linger.ms = 0
	max.block.ms = 60000
	max.in.flight.requests.per.connection = 5
	max.request.size = 1048576
	metadata.max.age.ms = 300000
	metric.reporters = []
	metrics.num.samples = 2
	metrics.recording.level = INFO
	metrics.sample.window.ms = 30000
	partitioner.class = class org.apache.kafka.clients.producer.internals.DefaultPartitioner
	receive.buffer.bytes = 32768
	reconnect.backoff.max.ms = 1000
	reconnect.backoff.ms = 50
	request.timeout.ms = 30000
	retries = 2147483647
	retry.backoff.ms = 100
	sasl.client.callback.handler.class = null
	sasl.jaas.config = null
	sasl.kerberos.kinit.cmd = /usr/bin/kinit
	sasl.kerberos.min.time.before.relogin = 60000
	sasl.kerberos.service.name = null
	sasl.kerberos.ticket.renew.jitter = 0.05
	sasl.kerberos.ticket.renew.window.factor = 0.8
	sasl.login.callback.handler.class = null
	sasl.login.class = null
	sasl.login.refresh.buffer.seconds = 300
	sasl.login.refresh.min.period.seconds = 60
	sasl.login.refresh.window.factor = 0.8
	sasl.login.refresh.window.jitter = 0.05
	sasl.mechanism = GSSAPI
	security.protocol = PLAINTEXT
	send.buffer.bytes = 131072
	ssl.cipher.suites = null
	ssl.enabled.protocols = [TLSv1.2, TLSv1.1, TLSv1]
	ssl.endpoint.identification.algorithm = https
	ssl.key.password = null
	ssl.keymanager.algorithm = SunX509
	ssl.keystore.location = null
	ssl.keystore.password = null
	ssl.keystore.type = JKS
	ssl.protocol = TLS
	ssl.provider = null
	ssl.secure.random.implementation = null
	ssl.trustmanager.algorithm = PKIX
	ssl.truststore.location = null
	ssl.truststore.password = null
	ssl.truststore.type = JKS
	transaction.timeout.ms = 60000
	transactional.id = null
	value.serializer = class org.apache.kafka.common.serialization.ByteArraySerializer

2020-06-08 17:14:28,079 INFO o.a.k.c.u.AppInfoParser [main] Kafka version: 2.3.1
2020-06-08 17:14:28,079 INFO o.a.k.c.u.AppInfoParser [main] Kafka commitId: 18a913733fb71c01
2020-06-08 17:14:28,079 INFO o.a.k.c.u.AppInfoParser [main] Kafka startTimeMs: 1591632868077
2020-06-08 17:14:28,181 INFO o.a.k.c.Metadata [kafka-producer-network-thread | producer-2] [Producer clientId=producer-2] Cluster ID: dw15WRbOSbWrYI19nOhtyg
2020-06-08 17:14:28,256 INFO p.e.p.B.BodyTrackingApplication [main] Starting BodyTrackingApplication on guilherme-GP62MVR-6RF with PID 15334 (/home/guilherme/Desktop/ESproject/BodyTracking/BodyTracking/target/classes started by guilherme in /home/guilherme/Desktop/ESproject/BodyTracking/BodyTracking)
2020-06-08 17:14:28,260 INFO p.e.p.B.BodyTrackingApplication [main] No active profile set, falling back to default profiles: default
2020-06-08 17:14:28,981 INFO o.s.d.r.c.RepositoryConfigurationDelegate [main] Bootstrapping Spring Data JPA repositories in DEFAULT mode.
2020-06-08 17:14:29,045 INFO o.s.d.r.c.RepositoryConfigurationDelegate [main] Finished Spring Data repository scanning in 55ms. Found 3 JPA repository interfaces.
2020-06-08 17:14:30,103 INFO o.s.b.w.e.t.TomcatWebServer [main] Tomcat initialized with port(s): 21999 (http)
2020-06-08 17:14:30,118 INFO o.a.c.h.Http11NioProtocol [main] Initializing ProtocolHandler ["http-nio-21999"]
2020-06-08 17:14:30,119 INFO o.a.c.c.StandardService [main] Starting service [Tomcat]
2020-06-08 17:14:30,120 INFO o.a.c.c.StandardEngine [main] Starting Servlet engine: [Apache Tomcat/9.0.31]
2020-06-08 17:14:30,293 INFO o.a.c.c.C.[.[.[/] [main] Initializing Spring embedded WebApplicationContext
2020-06-08 17:14:30,293 INFO o.s.w.c.ContextLoader [main] Root WebApplicationContext: initialization completed in 1959 ms
2020-06-08 17:14:30,504 INFO o.h.j.i.u.LogHelper [main] HHH000204: Processing PersistenceUnitInfo [name: default]
2020-06-08 17:14:30,576 INFO o.h.Version [main] HHH000412: Hibernate ORM core version 5.4.12.Final
2020-06-08 17:14:30,742 INFO o.h.a.c.Version [main] HCANN000001: Hibernate Commons Annotations {5.1.0.Final}
2020-06-08 17:14:30,869 INFO c.z.h.HikariDataSource [main] HikariPool-1 - Starting...
